02ffcb55-521d-4e35-94bc-bbfc45aa13cd lmanso@gualzru5:~/robocomp timestamp=1417807452.332154s
15589b00-3673-4368-bdd9-555b3844fa45 spyke@deepblue:~/robocomp timestamp=1390822279.003664s
2e65c1a8-40ce-42e3-a960-831c00cc0ba4 daniel@salabeta4:~/robocomp timestamp=1421141124.888946s
4c421500-f859-43c3-b679-81bd50ad21d5 main timestamp=1390557060.44616s
505cfea7-2900-4a0c-b85a-156b98b182a2 spyke@silicon:~/robocomp timestamp=1394916234.847081s
5481651d-e37e-49f1-916c-0305a81798e8 mercedes@lmanso:~/robocomp timestamp=1400574604.082389s
54f91217-72a0-4934-8b0d-686ab56f040a computaex@computaex:~/robocomp timestamp=1423573314.756278s
566b3e09-9d88-470c-838e-905de3eaa107 robolab@robonuc1:~/robocomp timestamp=1416660536.42886s
636e4afd-ef4f-4156-bb79-3731b0dbb37e ljmanso@negrino:~/robocomp timestamp=1400168344.183952s
6936d2f7-9169-4215-940a-975cf27092e0 salabeta@salabeta6:~/robocomp timestamp=1410965050.093055s
6d16935f-bb9f-4996-821f-c3ce861e94e9 salabeta@salabeta3:~/robocomp timestamp=1410964073.449745s
74d70b03-149e-478c-86c3-994e4b0cf76b salabeta@salabeta4:~/robocomp timestamp=1410970063.790891s
759fea42-078f-11e4-842f-4bf67ca95a49  timestamp=1404927346.375783s
8307a9f4-faf4-4bb7-a693-1476aa4c2ae7 ljmanso@chacho:~/robocomp timestamp=1404659168.351414s
84d67e9e-7320-48a1-8280-659e1bfc1e00 alejandro@alejandro-HP-Pavilion-dv6-Notebook-PC:~/robocomp timestamp=1423668112.863752s
85b71dc1-5958-4d6e-ad09-0a05bd419083 spyke@deepblue:~/robocomp timestamp=1398068533.728286s
8972ec57-8799-4954-bf6f-24258388feca salabeta@salabeta4:~/robocomp timestamp=1400578571.619215s
969dc093-01d4-49ef-8951-9b0ee50f7941 salabeta8@salabeta1:~/robocomp timestamp=1410353737.616457s
9bed57a2-af25-4070-b873-a5ccf7238145 ljmanso@ljmansolab:~/robocomp timestamp=1400156311.505024s
a3d02b20-f041-4678-8473-3e6027551666 pbustos@robex:~/robocomp timestamp=1400572039.773306s
a3d02b20-f041-4678-8473-3e6027551666 pbustos@robex:~/robocomp timestamp=1401709728.340031s
a5b0f606-b2bf-11e3-ad43-7fe5e0663de5  timestamp=1395602194.012897s
b8580506-f86a-11e3-9ded-0bae4cd33c4a felipe@felipe-System-Product-Name:~/robocomp timestamp=1403262402.537463s
b9414698-b998-47c0-8a34-c5c21a3dece2 agustin@lrva:~/robocomp timestamp=1401970652.384822s
e0b03345-a163-47b6-88dc-a6c206c895e2 paco@paco-UX32VD:~/robocomp timestamp=1411548885.286835s
e3d92629-b3ef-4e86-a132-1fcdead5e008 robolab@gualzru5:~/robocomp timestamp=1416772809.002923s
e8680ea1-d119-4cc2-a1b0-9a1213a240e3 jose@jose-K55VD:~/robocomp timestamp=1422986284.374734s
ebc17118-e5c4-4bb5-9d67-12ca5db4722a salabeta@luiky:~/robocomp timestamp=1405338128.564634s
